<?xml version="1.0" encoding="UTF-8"?>
<!-- Generated by org.testng.reporters.JUnitReportReporter -->
<testsuite hostname="ws-vdi-ito-095" failures="0" tests="1" name="TestAllure" time="32.563" errors="0" timestamp="2025-01-21T13:47:29 YEKT" skipped="0">
  <testcase classname="TestAllure" name="test1" time="32.563"/>
</testsuite> <!-- TestAllure -->
